"Severity","ThreadID","Date","Time","Application","Message"
"ERROR","http-nio-8888-exec-2","08/24/2021","14:31:35","","write access is protected;write access is protected
to access the configuration without a password, you need to change the write access to [open] in the Server Administrator;lucee.runtime.exp.SecurityException: write access is protected
	at lucee.runtime.config.ConfigWebUtil.checkPassword(ConfigWebUtil.java:504)
	at lucee.runtime.config.PasswordImpl.updatePassword(PasswordImpl.java:294)
	at lucee.runtime.config.PasswordImpl.updatePassword(PasswordImpl.java:282)
	at lucee.runtime.config.ConfigWebImpl.updatePassword(ConfigWebImpl.java:464)
	at lucee.runtime.tag.Admin.doStartTag(Admin.java:340)
	at web_cfm$cf.call(/admin/web.cfm:106)
	at lucee.runtime.PageContextImpl._doInclude(PageContextImpl.java:1034)
	at lucee.runtime.PageContextImpl._doInclude(PageContextImpl.java:926)
	at lucee.runtime.listener.ModernAppListener._onRequest(ModernAppListener.java:217)
	at lucee.runtime.listener.MixedAppListener.onRequest(MixedAppListener.java:44)
	at lucee.runtime.PageContextImpl.execute(PageContextImpl.java:2460)
	at lucee.runtime.PageContextImpl._execute(PageContextImpl.java:2450)
	at lucee.runtime.PageContextImpl.executeCFML(PageContextImpl.java:2421)
	at lucee.runtime.engine.Request.exe(Request.java:45)
	at lucee.runtime.engine.CFMLEngineImpl._service(CFMLEngineImpl.java:1179)
	at lucee.runtime.engine.CFMLEngineImpl.serviceCFML(CFMLEngineImpl.java:1125)
	at lucee.loader.engine.CFMLEngineWrapper.serviceCFML(CFMLEngineWrapper.java:97)
	at lucee.loader.servlet.CFMLServlet.service(CFMLServlet.java:51)
..."
"ERROR","http-nio-8888-exec-8","08/24/2021","16:20:33","","java.lang.NullPointerException;java.lang.NullPointerException;lucee.runtime.exp.NativeException: java.lang.NullPointerException
	at lucee.runtime.type.QueryImpl.execute(QueryImpl.java:283)
	at lucee.runtime.type.QueryImpl.<init>(QueryImpl.java:235)
	at lucee.runtime.tag.Query.executeDatasoure(Query.java:1134)
	at lucee.runtime.tag.Query._doEndTag(Query.java:699)
	at lucee.runtime.tag.Query.doEndTag(Query.java:565)
	at index_cfm$cf$g.call(/index.cfm:710)
	at lucee.runtime.PageContextImpl._doInclude(PageContextImpl.java:1034)
	at lucee.runtime.PageContextImpl._doInclude(PageContextImpl.java:926)
	at lucee.runtime.listener.ModernAppListener._onRequest(ModernAppListener.java:217)
	at lucee.runtime.listener.MixedAppListener.onRequest(MixedAppListener.java:44)
	at lucee.runtime.PageContextImpl.execute(PageContextImpl.java:2460)
	at lucee.runtime.PageContextImpl._execute(PageContextImpl.java:2450)
	at lucee.runtime.PageContextImpl.executeCFML(PageContextImpl.java:2421)
	at lucee.runtime.engine.Request.exe(Request.java:45)
	at lucee.runtime.engine.CFMLEngineImpl._service(CFMLEngineImpl.java:1179)
	at lucee.runtime.engine.CFMLEngineImpl.serviceCFML(CFMLEngineImpl.java:1125)
	at lucee.loader.engine.CFMLEngineWrapper.serviceCFML(CFMLEngineWrapper.java:97)
	at lucee.loader.servlet.CFMLServlet.service(CFMLServlet.java:51)
	at javax.servlet.http.HttpServlet.service(HttpServlet.java:733)
	at org.apache.catalina.core.ApplicationFilterChain.internalDoFilter(ApplicationFilterChain.java:227)
	at org.apache.catalina.core.ApplicationFilterChain.doFilter(ApplicationFilterChain.java:162)
	at org.apache.tomcat.websocket.server.WsFilter.doFilter(WsFilter.java:53)
	at org.apache.catalina.core.ApplicationFilterChain.internalDoFilter(ApplicationFilterChain.java:189)
	at org.apache.catalina.core.ApplicationFilterChain.doFilter(ApplicationFilterChain.java:162)
	at org.apache.catalina.core.StandardWrapperValve.invoke(StandardWrapperValve.java:202)
	at org.apache.catalina.core.StandardContextValve.invoke(StandardContextValve.java:97)
	at org.apache.catalina.authenticator.AuthenticatorBase.invoke(AuthenticatorBase.java:542)
	at org.apache.catalina.core.StandardHostValve.invoke(StandardHostValve.java:143)
	at org.apache.catalina.valves.ErrorReportValve.invoke(ErrorReportValve.java:92)
	at mod_cfml.core.invoke(core.java:180)
	at org.apache.catalina.valves.AbstractAccessLogValve.invoke(AbstractAccessLogValve.java:687)
	at org.apache.catalina.core.StandardEngineValve.invoke(StandardEngineValve.java:78)
	at org.apache.catalina.connector.CoyoteAdapter.service(CoyoteAdapter.java:357)
	at org.apache.coyote.http11.Http11Processor.service(Http11Processor.java:374)
	at org.apache.coyote.AbstractProcessorLight.process(AbstractProcessorLight.java:65)
	at org.apache.coyote.AbstractProtocol$ConnectionHandler.process(AbstractProtocol.java:893)
	at org.apache.tomcat.util.net.NioEndpoint$SocketProcessor.doRun(NioEndpoint.java:1707)
	at org.apache.tomcat.util.net.SocketProcessorBase.run(SocketProcessorBase.java:49)
	at java.base/java.util.concurrent.ThreadPoolExecutor.runWorker(Unknown Source)
	at java.base/java.util.concurrent.ThreadPoolExecutor$Worker.run(Unknown Source)
	at org.apache.tomcat.util.threads.TaskThread$WrappingRunnable.run(TaskThread.java:61)
	at java.base/java.lang.Thread.run(Unknown Source)
Caused by: java.lang.NullPointerException
	... 42 more
"
"ERROR","http-nio-8888-exec-9","08/24/2021","16:21:33","","java.lang.NullPointerException;java.lang.NullPointerException;lucee.runtime.exp.NativeException: java.lang.NullPointerException
	at lucee.runtime.db.DCStack.get(DCStack.java:84)
	at lucee.runtime.db.DatasourceConnectionPool.getDatasourceConnection(DatasourceConnectionPool.java:106)
	at lucee.runtime.db.DatasourceManagerImpl.getConnection(DatasourceManagerImpl.java:76)
	at lucee.runtime.tag.Query.executeDatasoure(Query.java:1119)
	at lucee.runtime.tag.Query._doEndTag(Query.java:699)
	at lucee.runtime.tag.Query.doEndTag(Query.java:565)
	at index_cfm$cf$h.call(/index.cfm:1115)
	at lucee.runtime.PageContextImpl._doInclude(PageContextImpl.java:1034)
	at lucee.runtime.PageContextImpl._doInclude(PageContextImpl.java:926)
	at lucee.runtime.listener.ModernAppListener._onRequest(ModernAppListener.java:217)
	at lucee.runtime.listener.MixedAppListener.onRequest(MixedAppListener.java:44)
	at lucee.runtime.PageContextImpl.execute(PageContextImpl.java:2460)
	at lucee.runtime.PageContextImpl._execute(PageContextImpl.java:2450)
	at lucee.runtime.PageContextImpl.executeCFML(PageContextImpl.java:2421)
	at lucee.runtime.engine.Request.exe(Request.java:45)
	at lucee.runtime.engine.CFMLEngineImpl._service(CFMLEngineImpl.java:1179)
	at lucee.runtime.engine.CFMLEngineImpl.serviceCFML(CFMLEngineImpl.java:1125)
	at lucee.loader.engine.CFMLEngineWrapper.serviceCFML(CFMLEngineWrapper.java:97)
	at lucee.loader.servlet.CFMLServlet.service(CFMLServlet.java:51)
	at javax.servlet.http.HttpServlet.service(HttpServlet.java:733)
	at org.apache.catalina.core.ApplicationFilterChain.internalDoFilter(ApplicationFilterChain.java:227)
	at org.apache.catalina.core.ApplicationFilterChain.doFilter(ApplicationFilterChain.java:162)
	at org.apache.tomcat.websocket.server.WsFilter.doFilter(WsFilter.java:53)
	at org.apache.catalina.core.ApplicationFilterChain.internalDoFilter(ApplicationFilterChain.java:189)
	at org.apache.catalina.core.ApplicationFilterChain.doFilter(ApplicationFilterChain.java:162)
	at org.apache.catalina.core.StandardWrapperValve.invoke(StandardWrapperValve.java:202)
	at org.apache.catalina.core.StandardContextValve.invoke(StandardContextValve.java:97)
	at org.apache.catalina.authenticator.AuthenticatorBase.invoke(AuthenticatorBase.java:542)
	at org.apache.catalina.core.StandardHostValve.invoke(StandardHostValve.java:143)
	at org.apache.catalina.valves.ErrorReportValve.invoke(ErrorReportValve.java:92)
	at mod_cfml.core.invoke(core.java:180)
	at org.apache.catalina.valves.AbstractAccessLogValve.invoke(AbstractAccessLogValve.java:687)
	at org.apache.catalina.core.StandardEngineValve.invoke(StandardEngineValve.java:78)
	at org.apache.catalina.connector.CoyoteAdapter.service(CoyoteAdapter.java:357)
	at org.apache.coyote.http11.Http11Processor.service(Http11Processor.java:374)
	at org.apache.coyote.AbstractProcessorLight.process(AbstractProcessorLight.java:65)
	at org.apache.coyote.AbstractProtocol$ConnectionHandler.process(AbstractProtocol.java:893)
	at org.apache.tomcat.util.net.NioEndpoint$SocketProcessor.doRun(NioEndpoint.java:1707)
	at org.apache.tomcat.util.net.SocketProcessorBase.run(SocketProcessorBase.java:49)
	at java.base/java.util.concurrent.ThreadPoolExecutor.runWorker(Unknown Source)
	at java.base/java.util.concurrent.ThreadPoolExecutor$Worker.run(Unknown Source)
	at org.apache.tomcat.util.threads.TaskThread$WrappingRunnable.run(TaskThread.java:61)
	at java.base/java.lang.Thread.run(Unknown Source)
Caused by: java.lang.NullPointerException
	... 43 more
"
"ERROR","http-nio-8888-exec-7","08/24/2021","22:55:57","","java.lang.NullPointerException;java.lang.NullPointerException;lucee.runtime.exp.NativeException: java.lang.NullPointerException
	at lucee.runtime.type.QueryImpl.execute(QueryImpl.java:283)
	at lucee.runtime.type.QueryImpl.<init>(QueryImpl.java:235)
	at lucee.runtime.tag.Query.executeDatasoure(Query.java:1134)
	at lucee.runtime.tag.Query._doEndTag(Query.java:699)
	at lucee.runtime.tag.Query.doEndTag(Query.java:565)
	at index_cfm$cf.call(/index.cfm:1115)
	at lucee.runtime.PageContextImpl._doInclude(PageContextImpl.java:1034)
	at lucee.runtime.PageContextImpl._doInclude(PageContextImpl.java:926)
	at lucee.runtime.listener.ModernAppListener._onRequest(ModernAppListener.java:217)
	at lucee.runtime.listener.MixedAppListener.onRequest(MixedAppListener.java:44)
	at lucee.runtime.PageContextImpl.execute(PageContextImpl.java:2460)
	at lucee.runtime.PageContextImpl._execute(PageContextImpl.java:2450)
	at lucee.runtime.PageContextImpl.executeCFML(PageContextImpl.java:2421)
	at lucee.runtime.engine.Request.exe(Request.java:45)
	at lucee.runtime.engine.CFMLEngineImpl._service(CFMLEngineImpl.java:1179)
	at lucee.runtime.engine.CFMLEngineImpl.serviceCFML(CFMLEngineImpl.java:1125)
	at lucee.loader.engine.CFMLEngineWrapper.serviceCFML(CFMLEngineWrapper.java:97)
	at lucee.loader.servlet.CFMLServlet.service(CFMLServlet.java:51)
	at javax.servlet.http.HttpServlet.service(HttpServlet.java:733)
	at org.apache.catalina.core.ApplicationFilterChain.internalDoFilter(ApplicationFilterChain.java:227)
	at org.apache.catalina.core.ApplicationFilterChain.doFilter(ApplicationFilterChain.java:162)
	at org.apache.tomcat.websocket.server.WsFilter.doFilter(WsFilter.java:53)
	at org.apache.catalina.core.ApplicationFilterChain.internalDoFilter(ApplicationFilterChain.java:189)
	at org.apache.catalina.core.ApplicationFilterChain.doFilter(ApplicationFilterChain.java:162)
	at org.apache.catalina.core.StandardWrapperValve.invoke(StandardWrapperValve.java:202)
	at org.apache.catalina.core.StandardContextValve.invoke(StandardContextValve.java:97)
	at org.apache.catalina.authenticator.AuthenticatorBase.invoke(AuthenticatorBase.java:542)
	at org.apache.catalina.core.StandardHostValve.invoke(StandardHostValve.java:143)
	at org.apache.catalina.valves.ErrorReportValve.invoke(ErrorReportValve.java:92)
	at mod_cfml.core.invoke(core.java:180)
	at org.apache.catalina.valves.AbstractAccessLogValve.invoke(AbstractAccessLogValve.java:687)
	at org.apache.catalina.core.StandardEngineValve.invoke(StandardEngineValve.java:78)
	at org.apache.catalina.connector.CoyoteAdapter.service(CoyoteAdapter.java:357)
	at org.apache.coyote.http11.Http11Processor.service(Http11Processor.java:374)
	at org.apache.coyote.AbstractProcessorLight.process(AbstractProcessorLight.java:65)
	at org.apache.coyote.AbstractProtocol$ConnectionHandler.process(AbstractProtocol.java:893)
	at org.apache.tomcat.util.net.NioEndpoint$SocketProcessor.doRun(NioEndpoint.java:1707)
	at org.apache.tomcat.util.net.SocketProcessorBase.run(SocketProcessorBase.java:49)
	at java.base/java.util.concurrent.ThreadPoolExecutor.runWorker(Unknown Source)
	at java.base/java.util.concurrent.ThreadPoolExecutor$Worker.run(Unknown Source)
	at org.apache.tomcat.util.threads.TaskThread$WrappingRunnable.run(TaskThread.java:61)
	at java.base/java.lang.Thread.run(Unknown Source)
Caused by: java.lang.NullPointerException
	... 42 more
"
